This is pdfTeX, Version 3.1415926-2.5-1.40.14 (MiKTeX 2.9) (preloaded format=pdflatex 2015.3.6)  16 MAY 2015 18:00
entering extended mode
**memoria.tex
(C:\Users\Valen\TELECOMUNICACIONES\PFC\PROGRAMAS\Latex\Memoria\memoria.tex
LaTeX2e <2011/06/27>
Babel <v3.8m> and hyphenation patterns for english, afrikaans, ancientgreek, ar
abic, armenian, assamese, basque, bengali, bokmal, bulgarian, catalan, coptic, 
croatian, czech, danish, dutch, esperanto, estonian, farsi, finnish, french, ga
lician, german, german-x-2013-05-26, greek, gujarati, hindi, hungarian, iceland
ic, indonesian, interlingua, irish, italian, kannada, kurmanji, latin, latvian,
 lithuanian, malayalam, marathi, mongolian, mongolianlmc, monogreek, ngerman, n
german-x-2013-05-26, nynorsk, oriya, panjabi, pinyin, polish, portuguese, roman
ian, russian, sanskrit, serbian, slovak, slovenian, spanish, swedish, swissgerm
an, tamil, telugu, turkish, turkmen, ukenglish, ukrainian, uppersorbian, usengl
ishmax, welsh, loaded.
("C:\Program Files (x86)\MiKTeX 2.9\tex\latex\base\report.cls"
Document Class: report 2007/10/19 v1.4h Standard LaTeX document class
("C:\Program Files (x86)\MiKTeX 2.9\tex\latex\base\size12.clo"
File: size12.clo 2007/10/19 v1.4h Standard LaTeX file (size option)
)
\c@part=\count79
\c@chapter=\count80
\c@section=\count81
\c@subsection=\count82
\c@subsubsection=\count83
\c@paragraph=\count84
\c@subparagraph=\count85
\c@figure=\count86
\c@table=\count87
\abovecaptionskip=\skip41
\belowcaptionskip=\skip42
\bibindent=\dimen102
)
("C:\Program Files (x86)\MiKTeX 2.9\tex\generic\babel\babel.sty"
Package: babel 2008/07/08 v3.8m The Babel package

*************************************
* Local config file bblopts.cfg used
*
("C:\Program Files (x86)\MiKTeX 2.9\tex\latex\00miktex\bblopts.cfg"
File: bblopts.cfg 2006/07/31 v1.0 MiKTeX 'babel' configuration
)
("C:\Program Files (x86)\MiKTeX 2.9\tex\generic\babel\spanish.ldf"
Language: spanish.ldf 2009/01/02 v5.0h Spanish support from the babel system

("C:\Program Files (x86)\MiKTeX 2.9\tex\generic\babel\babel.def"
File: babel.def 2008/07/08 v3.8m Babel common definitions
\babel@savecnt=\count88
\U@D=\dimen103
)
\es@datefmt=\count89
\es@quottoks=\toks14
\es@quotdepth=\count90
Package babel Info: Making " an active character on input line 492.
Package babel Info: Making . an active character on input line 585.
Package babel Info: Making < an active character on input line 630.
Package babel Info: Making > an active character on input line 630.
))
("C:\Program Files (x86)\MiKTeX 2.9\tex\latex\base\inputenc.sty"
Package: inputenc 2008/03/30 v1.1d Input encoding file
\inpenc@prehook=\toks15
\inpenc@posthook=\toks16

("C:\Program Files (x86)\MiKTeX 2.9\tex\latex\base\utf8.def"
File: utf8.def 2008/04/05 v1.1m UTF-8 support for inputenc
Now handling font encoding OML ...
... no UTF-8 mapping file for font encoding OML
Now handling font encoding T1 ...
... processing UTF-8 mapping file for font encoding T1

("C:\Program Files (x86)\MiKTeX 2.9\tex\latex\base\t1enc.dfu"
File: t1enc.dfu 2008/04/05 v1.1m UTF-8 support for inputenc
   defining Unicode char U+00A1 (decimal 161)
   defining Unicode char U+00A3 (decimal 163)
   defining Unicode char U+00AB (decimal 171)
   defining Unicode char U+00BB (decimal 187)
   defining Unicode char U+00BF (decimal 191)
   defining Unicode char U+00C0 (decimal 192)
   defining Unicode char U+00C1 (decimal 193)
   defining Unicode char U+00C2 (decimal 194)
   defining Unicode char U+00C3 (decimal 195)
   defining Unicode char U+00C4 (decimal 196)
   defining Unicode char U+00C5 (decimal 197)
   defining Unicode char U+00C6 (decimal 198)
   defining Unicode char U+00C7 (decimal 199)
   defining Unicode char U+00C8 (decimal 200)
   defining Unicode char U+00C9 (decimal 201)
   defining Unicode char U+00CA (decimal 202)
   defining Unicode char U+00CB (decimal 203)
   defining Unicode char U+00CC (decimal 204)
   defining Unicode char U+00CD (decimal 205)
   defining Unicode char U+00CE (decimal 206)
   defining Unicode char U+00CF (decimal 207)
   defining Unicode char U+00D0 (decimal 208)
   defining Unicode char U+00D1 (decimal 209)
   defining Unicode char U+00D2 (decimal 210)
   defining Unicode char U+00D3 (decimal 211)
   defining Unicode char U+00D4 (decimal 212)
   defining Unicode char U+00D5 (decimal 213)
   defining Unicode char U+00D6 (decimal 214)
   defining Unicode char U+00D8 (decimal 216)
   defining Unicode char U+00D9 (decimal 217)
   defining Unicode char U+00DA (decimal 218)
   defining Unicode char U+00DB (decimal 219)
   defining Unicode char U+00DC (decimal 220)
   defining Unicode char U+00DD (decimal 221)
   defining Unicode char U+00DE (decimal 222)
   defining Unicode char U+00DF (decimal 223)
   defining Unicode char U+00E0 (decimal 224)
   defining Unicode char U+00E1 (decimal 225)
   defining Unicode char U+00E2 (decimal 226)
   defining Unicode char U+00E3 (decimal 227)
   defining Unicode char U+00E4 (decimal 228)
   defining Unicode char U+00E5 (decimal 229)
   defining Unicode char U+00E6 (decimal 230)
   defining Unicode char U+00E7 (decimal 231)
   defining Unicode char U+00E8 (decimal 232)
   defining Unicode char U+00E9 (decimal 233)
   defining Unicode char U+00EA (decimal 234)
   defining Unicode char U+00EB (decimal 235)
   defining Unicode char U+00EC (decimal 236)
   defining Unicode char U+00ED (decimal 237)
   defining Unicode char U+00EE (decimal 238)
   defining Unicode char U+00EF (decimal 239)
   defining Unicode char U+00F0 (decimal 240)
   defining Unicode char U+00F1 (decimal 241)
   defining Unicode char U+00F2 (decimal 242)
   defining Unicode char U+00F3 (decimal 243)
   defining Unicode char U+00F4 (decimal 244)
   defining Unicode char U+00F5 (decimal 245)
   defining Unicode char U+00F6 (decimal 246)
   defining Unicode char U+00F8 (decimal 248)
   defining Unicode char U+00F9 (decimal 249)
   defining Unicode char U+00FA (decimal 250)
   defining Unicode char U+00FB (decimal 251)
   defining Unicode char U+00FC (decimal 252)
   defining Unicode char U+00FD (decimal 253)
   defining Unicode char U+00FE (decimal 254)
   defining Unicode char U+00FF (decimal 255)
   defining Unicode char U+0102 (decimal 258)
   defining Unicode char U+0103 (decimal 259)
   defining Unicode char U+0104 (decimal 260)
   defining Unicode char U+0105 (decimal 261)
   defining Unicode char U+0106 (decimal 262)
   defining Unicode char U+0107 (decimal 263)
   defining Unicode char U+010C (decimal 268)
   defining Unicode char U+010D (decimal 269)
   defining Unicode char U+010E (decimal 270)
   defining Unicode char U+010F (decimal 271)
   defining Unicode char U+0110 (decimal 272)
   defining Unicode char U+0111 (decimal 273)
   defining Unicode char U+0118 (decimal 280)
   defining Unicode char U+0119 (decimal 281)
   defining Unicode char U+011A (decimal 282)
   defining Unicode char U+011B (decimal 283)
   defining Unicode char U+011E (decimal 286)
   defining Unicode char U+011F (decimal 287)
   defining Unicode char U+0130 (decimal 304)
   defining Unicode char U+0131 (decimal 305)
   defining Unicode char U+0132 (decimal 306)
   defining Unicode char U+0133 (decimal 307)
   defining Unicode char U+0139 (decimal 313)
   defining Unicode char U+013A (decimal 314)
   defining Unicode char U+013D (decimal 317)
   defining Unicode char U+013E (decimal 318)
   defining Unicode char U+0141 (decimal 321)
   defining Unicode char U+0142 (decimal 322)
   defining Unicode char U+0143 (decimal 323)
   defining Unicode char U+0144 (decimal 324)
   defining Unicode char U+0147 (decimal 327)
   defining Unicode char U+0148 (decimal 328)
   defining Unicode char U+014A (decimal 330)
   defining Unicode char U+014B (decimal 331)
   defining Unicode char U+0150 (decimal 336)
   defining Unicode char U+0151 (decimal 337)
   defining Unicode char U+0152 (decimal 338)
   defining Unicode char U+0153 (decimal 339)
   defining Unicode char U+0154 (decimal 340)
   defining Unicode char U+0155 (decimal 341)
   defining Unicode char U+0158 (decimal 344)
   defining Unicode char U+0159 (decimal 345)
   defining Unicode char U+015A (decimal 346)
   defining Unicode char U+015B (decimal 347)
   defining Unicode char U+015E (decimal 350)
   defining Unicode char U+015F (decimal 351)
   defining Unicode char U+0160 (decimal 352)
   defining Unicode char U+0161 (decimal 353)
   defining Unicode char U+0162 (decimal 354)
   defining Unicode char U+0163 (decimal 355)
   defining Unicode char U+0164 (decimal 356)
   defining Unicode char U+0165 (decimal 357)
   defining Unicode char U+016E (decimal 366)
   defining Unicode char U+016F (decimal 367)
   defining Unicode char U+0170 (decimal 368)
   defining Unicode char U+0171 (decimal 369)
   defining Unicode char U+0178 (decimal 376)
   defining Unicode char U+0179 (decimal 377)
   defining Unicode char U+017A (decimal 378)
   defining Unicode char U+017B (decimal 379)
   defining Unicode char U+017C (decimal 380)
   defining Unicode char U+017D (decimal 381)
   defining Unicode char U+017E (decimal 382)
   defining Unicode char U+200C (decimal 8204)
   defining Unicode char U+2013 (decimal 8211)
   defining Unicode char U+2014 (decimal 8212)
   defining Unicode char U+2018 (decimal 8216)
   defining Unicode char U+2019 (decimal 8217)
   defining Unicode char U+201A (decimal 8218)
   defining Unicode char U+201C (decimal 8220)
   defining Unicode char U+201D (decimal 8221)
   defining Unicode char U+201E (decimal 8222)
   defining Unicode char U+2030 (decimal 8240)
   defining Unicode char U+2031 (decimal 8241)
   defining Unicode char U+2039 (decimal 8249)
   defining Unicode char U+203A (decimal 8250)
   defining Unicode char U+2423 (decimal 9251)
)
Now handling font encoding OT1 ...
... processing UTF-8 mapping file for font encoding OT1

("C:\Program Files (x86)\MiKTeX 2.9\tex\latex\base\ot1enc.dfu"
File: ot1enc.dfu 2008/04/05 v1.1m UTF-8 support for inputenc
   defining Unicode char U+00A1 (decimal 161)
   defining Unicode char U+00A3 (decimal 163)
   defining Unicode char U+00B8 (decimal 184)
   defining Unicode char U+00BF (decimal 191)
   defining Unicode char U+00C5 (decimal 197)
   defining Unicode char U+00C6 (decimal 198)
   defining Unicode char U+00D8 (decimal 216)
   defining Unicode char U+00DF (decimal 223)
   defining Unicode char U+00E6 (decimal 230)
   defining Unicode char U+00EC (decimal 236)
   defining Unicode char U+00ED (decimal 237)
   defining Unicode char U+00EE (decimal 238)
   defining Unicode char U+00EF (decimal 239)
   defining Unicode char U+00F8 (decimal 248)
   defining Unicode char U+0131 (decimal 305)
   defining Unicode char U+0141 (decimal 321)
   defining Unicode char U+0142 (decimal 322)
   defining Unicode char U+0152 (decimal 338)
   defining Unicode char U+0153 (decimal 339)
   defining Unicode char U+2013 (decimal 8211)
   defining Unicode char U+2014 (decimal 8212)
   defining Unicode char U+2018 (decimal 8216)
   defining Unicode char U+2019 (decimal 8217)
   defining Unicode char U+201C (decimal 8220)
   defining Unicode char U+201D (decimal 8221)
)
Now handling font encoding OMS ...
... processing UTF-8 mapping file for font encoding OMS

("C:\Program Files (x86)\MiKTeX 2.9\tex\latex\base\omsenc.dfu"
File: omsenc.dfu 2008/04/05 v1.1m UTF-8 support for inputenc
   defining Unicode char U+00A7 (decimal 167)
   defining Unicode char U+00B6 (decimal 182)
   defining Unicode char U+00B7 (decimal 183)
   defining Unicode char U+2020 (decimal 8224)
   defining Unicode char U+2021 (decimal 8225)
   defining Unicode char U+2022 (decimal 8226)
)
Now handling font encoding OMX ...
... no UTF-8 mapping file for font encoding OMX
Now handling font encoding U ...
... no UTF-8 mapping file for font encoding U
   defining Unicode char U+00A9 (decimal 169)
   defining Unicode char U+00AA (decimal 170)
   defining Unicode char U+00AE (decimal 174)
   defining Unicode char U+00BA (decimal 186)
   defining Unicode char U+02C6 (decimal 710)
   defining Unicode char U+02DC (decimal 732)
   defining Unicode char U+200C (decimal 8204)
   defining Unicode char U+2026 (decimal 8230)
   defining Unicode char U+2122 (decimal 8482)
   defining Unicode char U+2423 (decimal 9251)
))
("C:\Program Files (x86)\MiKTeX 2.9\tex\latex\amsmath\amsmath.sty"
Package: amsmath 2013/01/14 v2.14 AMS math features
\@mathmargin=\skip43

For additional information on amsmath, use the `?' option.
("C:\Program Files (x86)\MiKTeX 2.9\tex\latex\amsmath\amstext.sty"
Package: amstext 2000/06/29 v2.01

("C:\Program Files (x86)\MiKTeX 2.9\tex\latex\amsmath\amsgen.sty"
File: amsgen.sty 1999/11/30 v2.0
\@emptytoks=\toks17
\ex@=\dimen104
))
("C:\Program Files (x86)\MiKTeX 2.9\tex\latex\amsmath\amsbsy.sty"
Package: amsbsy 1999/11/29 v1.2d
\pmbraise@=\dimen105
)
("C:\Program Files (x86)\MiKTeX 2.9\tex\latex\amsmath\amsopn.sty"
Package: amsopn 1999/12/14 v2.01 operator names
)
\inf@bad=\count91
LaTeX Info: Redefining \frac on input line 210.
\uproot@=\count92
\leftroot@=\count93
LaTeX Info: Redefining \overline on input line 306.
\classnum@=\count94
\DOTSCASE@=\count95
LaTeX Info: Redefining \ldots on input line 378.
LaTeX Info: Redefining \dots on input line 381.
LaTeX Info: Redefining \cdots on input line 466.
\Mathstrutbox@=\box26
\strutbox@=\box27
\big@size=\dimen106
LaTeX Font Info:    Redeclaring font encoding OML on input line 566.
LaTeX Font Info:    Redeclaring font encoding OMS on input line 567.
\macc@depth=\count96
\c@MaxMatrixCols=\count97
\dotsspace@=\muskip10
\c@parentequation=\count98
\dspbrk@lvl=\count99
\tag@help=\toks18
\row@=\count100
\column@=\count101
\maxfields@=\count102
\andhelp@=\toks19
\eqnshift@=\dimen107
\alignsep@=\dimen108
\tagshift@=\dimen109
\tagwidth@=\dimen110
\totwidth@=\dimen111
\lineht@=\dimen112
\@envbody=\toks20
\multlinegap=\skip44
\multlinetaggap=\skip45
\mathdisplay@stack=\toks21
LaTeX Info: Redefining \[ on input line 2665.
LaTeX Info: Redefining \] on input line 2666.
)
("C:\Program Files (x86)\MiKTeX 2.9\tex\latex\amsfonts\amsfonts.sty"
Package: amsfonts 2013/01/14 v3.01 Basic AMSFonts support
\symAMSa=\mathgroup4
\symAMSb=\mathgroup5
LaTeX Font Info:    Overwriting math alphabet `\mathfrak' in version `bold'
(Font)                  U/euf/m/n --> U/euf/b/n on input line 106.
)
("C:\Program Files (x86)\MiKTeX 2.9\tex\latex\amsfonts\amssymb.sty"
Package: amssymb 2013/01/14 v3.01 AMS font symbols
)
("C:\Program Files (x86)\MiKTeX 2.9\tex\latex\base\makeidx.sty"
Package: makeidx 2000/03/29 v1.0m Standard LaTeX package
)
("C:\Program Files (x86)\MiKTeX 2.9\tex\latex\cite\cite.sty"
LaTeX Info: Redefining \cite on input line 302.
LaTeX Info: Redefining \nocite on input line 332.
Package: cite 2015/02/27  v 5.5
)
("C:\Program Files (x86)\MiKTeX 2.9\tex\latex\graphics\color.sty"
Package: color 2005/11/14 v1.0j Standard LaTeX Color (DPC)

("C:\Program Files (x86)\MiKTeX 2.9\tex\latex\00miktex\color.cfg"
File: color.cfg 2007/01/18 v1.5 color configuration of teTeX/TeXLive
)
Package color Info: Driver file: pdftex.def on input line 130.

("C:\Program Files (x86)\MiKTeX 2.9\tex\latex\pdftex-def\pdftex.def"
File: pdftex.def 2011/05/27 v0.06d Graphics/color for pdfTeX

("C:\Program Files (x86)\MiKTeX 2.9\tex\generic\oberdiek\infwarerr.sty"
Package: infwarerr 2010/04/08 v1.3 Providing info/warning/error messages (HO)
)
("C:\Program Files (x86)\MiKTeX 2.9\tex\generic\oberdiek\ltxcmds.sty"
Package: ltxcmds 2011/11/09 v1.22 LaTeX kernel commands for general use (HO)
)
\Gread@gobject=\count103
))
("C:\Program Files (x86)\MiKTeX 2.9\tex\latex\float\float.sty"
Package: float 2001/11/08 v1.3d Float enhancements (AL)
\c@float@type=\count104
\float@exts=\toks22
\float@box=\box28
\@float@everytoks=\toks23
\@floatcapt=\box29
)
("C:\Program Files (x86)\MiKTeX 2.9\tex\latex\graphics\graphicx.sty"
Package: graphicx 1999/02/16 v1.0f Enhanced LaTeX Graphics (DPC,SPQR)

("C:\Program Files (x86)\MiKTeX 2.9\tex\latex\graphics\keyval.sty"
Package: keyval 1999/03/16 v1.13 key=value parser (DPC)
\KV@toks@=\toks24
)
("C:\Program Files (x86)\MiKTeX 2.9\tex\latex\graphics\graphics.sty"
Package: graphics 2009/02/05 v1.0o Standard LaTeX Graphics (DPC,SPQR)

("C:\Program Files (x86)\MiKTeX 2.9\tex\latex\graphics\trig.sty"
Package: trig 1999/03/16 v1.09 sin cos tan (DPC)
)
("C:\Program Files (x86)\MiKTeX 2.9\tex\latex\00miktex\graphics.cfg"
File: graphics.cfg 2007/01/18 v1.5 graphics configuration of teTeX/TeXLive
)
Package graphics Info: Driver file: dvips.def on input line 91.

("C:\Program Files (x86)\MiKTeX 2.9\tex\latex\graphics\dvips.def"
File: dvips.def 1999/02/16 v3.0i Driver-dependant file (DPC,SPQR)
))
\Gin@req@height=\dimen113
\Gin@req@width=\dimen114
)
("C:\Program Files (x86)\MiKTeX 2.9\tex\latex\eurosym\eurosym.sty"
Package: eurosym 1998/08/06 v1.1 European currency symbol ``Euro''
\@eurobox=\box30
)
("C:\Program Files (x86)\MiKTeX 2.9\tex\latex\setspace\setspace.sty"
Package: setspace 2011/12/19 v6.7a set line spacing
)
("C:\Program Files (x86)\MiKTeX 2.9\tex\latex\fancyhdr\fancyhdr.sty"
\fancy@headwidth=\skip46
\f@ncyO@elh=\skip47
\f@ncyO@erh=\skip48
\f@ncyO@olh=\skip49
\f@ncyO@orh=\skip50
\f@ncyO@elf=\skip51
\f@ncyO@erf=\skip52
\f@ncyO@olf=\skip53
\f@ncyO@orf=\skip54
)
("C:\Program Files (x86)\MiKTeX 2.9\tex\latex\ltxmisc\parskip.sty"
Package: parskip 2001/04/09 non-zero parskip adjustments
)
("C:\Program Files (x86)\MiKTeX 2.9\tex\latex\geometry\geometry.sty"
Package: geometry 2010/09/12 v5.6 Page Geometry

("C:\Program Files (x86)\MiKTeX 2.9\tex\generic\oberdiek\ifpdf.sty"
Package: ifpdf 2011/01/30 v2.3 Provides the ifpdf switch (HO)
Package ifpdf Info: pdfTeX in PDF mode is detected.
)
("C:\Program Files (x86)\MiKTeX 2.9\tex\generic\oberdiek\ifvtex.sty"
Package: ifvtex 2010/03/01 v1.5 Detect VTeX and its facilities (HO)
Package ifvtex Info: VTeX not detected.
)
("C:\Program Files (x86)\MiKTeX 2.9\tex\generic\ifxetex\ifxetex.sty"
Package: ifxetex 2010/09/12 v0.6 Provides ifxetex conditional
)
\Gm@cnth=\count105
\Gm@cntv=\count106
\c@Gm@tempcnt=\count107
\Gm@bindingoffset=\dimen115
\Gm@wd@mp=\dimen116
\Gm@odd@mp=\dimen117
\Gm@even@mp=\dimen118
\Gm@layoutwidth=\dimen119
\Gm@layoutheight=\dimen120
\Gm@layouthoffset=\dimen121
\Gm@layoutvoffset=\dimen122
\Gm@dimlist=\toks25

("C:\Program Files (x86)\MiKTeX 2.9\tex\latex\geometry\geometry.cfg"))
(C:\Users\Valen\TELECOMUNICACIONES\PFC\PROGRAMAS\Latex\Memoria\memoria.aux
(C:\Users\Valen\TELECOMUNICACIONES\PFC\PROGRAMAS\Latex\Memoria\portada.aux)
(C:\Users\Valen\TELECOMUNICACIONES\PFC\PROGRAMAS\Latex\Memoria\indice.aux)
(C:\Users\Valen\TELECOMUNICACIONES\PFC\PROGRAMAS\Latex\Memoria\resumen.aux)
(C:\Users\Valen\TELECOMUNICACIONES\PFC\PROGRAMAS\Latex\Memoria\abstract.aux)
(C:\Users\Valen\TELECOMUNICACIONES\PFC\PROGRAMAS\Latex\Memoria\capitulo1.aux)
(C:\Users\Valen\TELECOMUNICACIONES\PFC\PROGRAMAS\Latex\Memoria\estadoDelArte.au
x

LaTeX Warning: Label `contexto:figura' multiply defined.


LaTeX Warning: Label `contexto:figura' multiply defined.

) (C:\Users\Valen\TELECOMUNICACIONES\PFC\PROGRAMAS\Latex\Memoria\desarrollo.aux

LaTeX Warning: Label `contexto:figura' multiply defined.


LaTeX Warning: Label `contexto:figura' multiply defined.


LaTeX Warning: Label `contexto:figura' multiply defined.


LaTeX Warning: Label `contexto:figura' multiply defined.


LaTeX Warning: Label `contexto:figura' multiply defined.


LaTeX Warning: Label `contexto:figura' multiply defined.


LaTeX Warning: Label `contexto:figura' multiply defined.


LaTeX Warning: Label `contexto:figura' multiply defined.


LaTeX Warning: Label `contexto:figura' multiply defined.


LaTeX Warning: Label `contexto:figura' multiply defined.


LaTeX Warning: Label `contexto:figura' multiply defined.


LaTeX Warning: Label `contexto:figura' multiply defined.


LaTeX Warning: Label `contexto:figura' multiply defined.


LaTeX Warning: Label `contexto:figura' multiply defined.


LaTeX Warning: Label `contexto:figura' multiply defined.


LaTeX Warning: Label `contexto:figura' multiply defined.


LaTeX Warning: Label `contexto:figura' multiply defined.

) (C:\Users\Valen\TELECOMUNICACIONES\PFC\PROGRAMAS\Latex\Memoria\resultados.aux

LaTeX Warning: Label `contexto:figura' multiply defined.


LaTeX Warning: Label `contexto:figura' multiply defined.


LaTeX Warning: Label `contexto:figura' multiply defined.


LaTeX Warning: Label `contexto:figura' multiply defined.


LaTeX Warning: Label `contexto:figura' multiply defined.


LaTeX Warning: Label `contexto:figura' multiply defined.


LaTeX Warning: Label `contexto:figura' multiply defined.


LaTeX Warning: Label `contexto:figura' multiply defined.

)
(C:\Users\Valen\TELECOMUNICACIONES\PFC\PROGRAMAS\Latex\Memoria\conclusiones.aux
)
(C:\Users\Valen\TELECOMUNICACIONES\PFC\PROGRAMAS\Latex\Memoria\bibliografia.aux
) (C:\Users\Valen\TELECOMUNICACIONES\PFC\PROGRAMAS\Latex\Memoria\anexo1.aux

LaTeX Warning: Label `contexto:figura' multiply defined.


LaTeX Warning: Label `contexto:figura' multiply defined.


LaTeX Warning: Label `contexto:figura' multiply defined.

) (C:\Users\Valen\TELECOMUNICACIONES\PFC\PROGRAMAS\Latex\Memoria\anexo2.aux

LaTeX Warning: Label `tabla:LibreriasMota' multiply defined.


LaTeX Warning: Label `tabla:LibreriasMota' multiply defined.

) (C:\Users\Valen\TELECOMUNICACIONES\PFC\PROGRAMAS\Latex\Memoria\anexo3.aux

LaTeX Warning: Label `contexto:figura' multiply defined.

))
LaTeX Font Info:    Checking defaults for OML/cmm/m/it on input line 31.
LaTeX Font Info:    ... okay on input line 31.
LaTeX Font Info:    Checking defaults for T1/cmr/m/n on input line 31.
LaTeX Font Info:    ... okay on input line 31.
LaTeX Font Info:    Checking defaults for OT1/cmr/m/n on input line 31.
LaTeX Font Info:    ... okay on input line 31.
LaTeX Font Info:    Checking defaults for OMS/cmsy/m/n on input line 31.
LaTeX Font Info:    ... okay on input line 31.
LaTeX Font Info:    Checking defaults for OMX/cmex/m/n on input line 31.
LaTeX Font Info:    ... okay on input line 31.
LaTeX Font Info:    Checking defaults for U/cmr/m/n on input line 31.
LaTeX Font Info:    ... okay on input line 31.
 ("C:\Program Files (x86)\MiKTeX 2.9\tex\context\base\supp-pdf.mkii"
[Loading MPS to PDF converter (version 2006.09.02).]
\scratchcounter=\count108
\scratchdimen=\dimen123
\scratchbox=\box31
\nofMPsegments=\count109
\nofMParguments=\count110
\everyMPshowfont=\toks26
\MPscratchCnt=\count111
\MPscratchDim=\dimen124
\MPnumerator=\count112
\makeMPintoPDFobject=\count113
\everyMPtoPDFconversion=\toks27
)
*geometry* driver: auto-detecting
*geometry* detected driver: pdftex
*geometry* verbose mode - [ preamble ] result:
* driver: pdftex
* paper: a4paper
* layout: <same size as paper>
* layoutoffset:(h,v)=(0.0pt,0.0pt)
* modes: 
* h-part:(L,W,R)=(56.9055pt, 483.69687pt, 56.9055pt)
* v-part:(T,H,B)=(56.9055pt, 731.23584pt, 56.9055pt)
* \paperwidth=597.50787pt
* \paperheight=845.04684pt
* \textwidth=483.69687pt
* \textheight=731.23584pt
* \oddsidemargin=-15.36449pt
* \evensidemargin=-15.36449pt
* \topmargin=-52.36449pt
* \headheight=12.0pt
* \headsep=25.0pt
* \topskip=12.0pt
* \footskip=30.0pt
* \marginparwidth=35.0pt
* \marginparsep=10.0pt
* \columnsep=10.0pt
* \skip\footins=10.8pt plus 4.0pt minus 2.0pt
* \hoffset=0.0pt
* \voffset=0.0pt
* \mag=1000
* \@twocolumnfalse
* \@twosidefalse
* \@mparswitchfalse
* \@reversemarginfalse
* (1in=72.27pt=25.4mm, 1cm=28.453pt)

(C:\Users\Valen\TELECOMUNICACIONES\PFC\PROGRAMAS\Latex\Memoria\portada.tex
<imagenes/ugr.jpg, id=1, 231.11343pt x 172.39406pt>
File: imagenes/ugr.jpg Graphic file (type jpg)
 <use imagenes/ugr.jpg>
Package pdftex.def Info: imagenes/ugr.jpg used on input line 15.
(pdftex.def)             Requested size: 231.11287pt x 172.39363pt.

[1
Non-PDF special ignored!
Non-PDF special ignored!



Non-PDF special ignored!
Non-PDF special ignored!{C:/ProgramData/MiKTeX/2.9/pdftex/config/pdftex.map}
Non-PDF special ignored!
Non-PDF special ignored!
Non-PDF special ignored!
Non-PDF special ignored!
Non-PDF special ignored!
Non-PDF special ignored!
Non-PDF special ignored!
Non-PDF special ignored!
Non-PDF special ignored!
Non-PDF special ignored! <C:/Users/Valen/TELECOMUNICACIONES/PFC/PROGRAMAS/Latex
/Memoria/imagenes/ugr.jpg>])
LaTeX Font Info:    Try loading font information for U+msa on input line 39.

("C:\Program Files (x86)\MiKTeX 2.9\tex\latex\amsfonts\umsa.fd"
File: umsa.fd 2013/01/14 v3.01 AMS symbols A
)
LaTeX Font Info:    Try loading font information for U+msb on input line 39.

("C:\Program Files (x86)\MiKTeX 2.9\tex\latex\amsfonts\umsb.fd"
File: umsb.fd 2013/01/14 v3.01 AMS symbols B
) [1
Non-PDF special ignored!
Non-PDF special ignored!


Non-PDF special ignored!
Non-PDF special ignored!] [1
Non-PDF special ignored!
Non-PDF special ignored!


Non-PDF special ignored!
Non-PDF special ignored!]
(C:\Users\Valen\TELECOMUNICACIONES\PFC\PROGRAMAS\Latex\Memoria\indice.tex
(C:\Users\Valen\TELECOMUNICACIONES\PFC\PROGRAMAS\Latex\Memoria\memoria.toc
[2
Non-PDF special ignored!
Non-PDF special ignored!



Non-PDF special ignored!
Non-PDF special ignored!
Non-PDF special ignored!
Non-PDF special ignored!
Non-PDF special ignored!
Non-PDF special ignored!
Non-PDF special ignored!
Non-PDF special ignored!
Non-PDF special ignored!
Non-PDF special ignored!
Non-PDF special ignored!
Non-PDF special ignored!
Non-PDF special ignored!
Non-PDF special ignored!
Non-PDF special ignored!
Non-PDF special ignored!
Non-PDF special ignored!
Non-PDF special ignored!
Non-PDF special ignored!
Non-PDF special ignored!
Non-PDF special ignored!
Non-PDF special ignored!
Non-PDF special ignored!
Non-PDF special ignored!
Non-PDF special ignored!
Non-PDF special ignored!
Non-PDF special ignored!
Non-PDF special ignored!
Non-PDF special ignored!
Non-PDF special ignored!])
\tf@toc=\write3


Package Fancyhdr Warning: \headheight is too small (12.0pt): 
 Make it at least 14.49998pt.
 We now make it that large for the rest of the document.
 This may cause the page layout to be inconsistent, however.

[3
Non-PDF special ignored!
Non-PDF special ignored!
Non-PDF special ignored!
Non-PDF special ignored!
Non-PDF special ignored!
Non-PDF special ignored!
Non-PDF special ignored!
Non-PDF special ignored!
Non-PDF special ignored!
Non-PDF special ignored!
Non-PDF special ignored!
Non-PDF special ignored!
Non-PDF special ignored!
Non-PDF special ignored!
Non-PDF special ignored!
Non-PDF special ignored!
Non-PDF special ignored!
Non-PDF special ignored!
Non-PDF special ignored!
Non-PDF special ignored!
Non-PDF special ignored!
Non-PDF special ignored!
Non-PDF special ignored!
Non-PDF special ignored!
Non-PDF special ignored!
Non-PDF special ignored!
Non-PDF special ignored!
Non-PDF special ignored!
Non-PDF special ignored!
Non-PDF special ignored!
Non-PDF special ignored!
Non-PDF special ignored!
Non-PDF special ignored!
Non-PDF special ignored!
Non-PDF special ignored!
Non-PDF special ignored!
Non-PDF special ignored!
Non-PDF special ignored!
Non-PDF special ignored!
Non-PDF special ignored!
Non-PDF special ignored!
Non-PDF special ignored!
Non-PDF special ignored!
Non-PDF special ignored!] [4
Non-PDF special ignored!
Non-PDF special ignored!
Non-PDF special ignored!
Non-PDF special ignored!]
(C:\Users\Valen\TELECOMUNICACIONES\PFC\PROGRAMAS\Latex\Memoria\memoria.lof
[5
Non-PDF special ignored!
Non-PDF special ignored!



Non-PDF special ignored!
Non-PDF special ignored!
Non-PDF special ignored!
Non-PDF special ignored!
Non-PDF special ignored!
Non-PDF special ignored!
Non-PDF special ignored!
Non-PDF special ignored!
Non-PDF special ignored!
Non-PDF special ignored!
Non-PDF special ignored!
Non-PDF special ignored!
Non-PDF special ignored!
Non-PDF special ignored!
Non-PDF special ignored!
Non-PDF special ignored!
Non-PDF special ignored!
Non-PDF special ignored!
Non-PDF special ignored!
Non-PDF special ignored!
Non-PDF special ignored!
Non-PDF special ignored!
Non-PDF special ignored!
Non-PDF special ignored!
Non-PDF special ignored!
Non-PDF special ignored!
Non-PDF special ignored!
Non-PDF special ignored!
Non-PDF special ignored!
Non-PDF special ignored!
Non-PDF special ignored!
Non-PDF special ignored!
Non-PDF special ignored!
Non-PDF special ignored!
Non-PDF special ignored!
Non-PDF special ignored!
Non-PDF special ignored!
Non-PDF special ignored!
Non-PDF special ignored!
Non-PDF special ignored!
Non-PDF special ignored!
Non-PDF special ignored!
Non-PDF special ignored!
Non-PDF special ignored!
Non-PDF special ignored!
Non-PDF special ignored!
Non-PDF special ignored!
Non-PDF special ignored!
Non-PDF special ignored!
Non-PDF special ignored!
Non-PDF special ignored!
Non-PDF special ignored!])
\tf@lof=\write4
 [6
Non-PDF special ignored!
Non-PDF special ignored!
Non-PDF special ignored!
Non-PDF special ignored!
Non-PDF special ignored!
Non-PDF special ignored!
Non-PDF special ignored!
Non-PDF special ignored!
Non-PDF special ignored!
Non-PDF special ignored!
Non-PDF special ignored!
Non-PDF special ignored!
Non-PDF special ignored!
Non-PDF special ignored!
Non-PDF special ignored!
Non-PDF special ignored!
Non-PDF special ignored!
Non-PDF special ignored!] [7
Non-PDF special ignored!
Non-PDF special ignored!
Non-PDF special ignored!
Non-PDF special ignored!]
(C:\Users\Valen\TELECOMUNICACIONES\PFC\PROGRAMAS\Latex\Memoria\memoria.lot)
\tf@lot=\write5

[8
Non-PDF special ignored!
Non-PDF special ignored!



Non-PDF special ignored!
Non-PDF special ignored!
Non-PDF special ignored!
Non-PDF special ignored!
Non-PDF special ignored!
Non-PDF special ignored!
Non-PDF special ignored!
Non-PDF special ignored!
Non-PDF special ignored!
Non-PDF special ignored!]) [9
Non-PDF special ignored!
Non-PDF special ignored!
Non-PDF special ignored!
Non-PDF special ignored!]
(C:\Users\Valen\TELECOMUNICACIONES\PFC\PROGRAMAS\Latex\Memoria\resumen.tex
Underfull \hbox (badness 10000) in paragraph at lines 5--8

 []


Underfull \hbox (badness 10000) in paragraph at lines 11--16

 []


Underfull \hbox (badness 10000) in paragraph at lines 11--16

 []


Underfull \hbox (badness 10000) in paragraph at lines 11--16

 []

[10
Non-PDF special ignored!
Non-PDF special ignored!




Non-PDF special ignored!
Non-PDF special ignored!]) [11
Non-PDF special ignored!
Non-PDF special ignored!
Non-PDF special ignored!
Non-PDF special ignored!]
(C:\Users\Valen\TELECOMUNICACIONES\PFC\PROGRAMAS\Latex\Memoria\abstract.tex
Underfull \hbox (badness 10000) in paragraph at lines 6--9

 []


Underfull \hbox (badness 10000) in paragraph at lines 12--17

 []


Underfull \hbox (badness 10000) in paragraph at lines 12--17

 []


Underfull \hbox (badness 10000) in paragraph at lines 12--17

 []

[12
Non-PDF special ignored!
Non-PDF special ignored!




Non-PDF special ignored!
Non-PDF special ignored!]) [13
Non-PDF special ignored!
Non-PDF special ignored!
Non-PDF special ignored!
Non-PDF special ignored!]
(C:\Users\Valen\TELECOMUNICACIONES\PFC\PROGRAMAS\Latex\Memoria\capitulo1.tex
Cap\'{\i }tulo 1.
[1
Non-PDF special ignored!
Non-PDF special ignored!




Non-PDF special ignored!
Non-PDF special ignored!] [2
Non-PDF special ignored!
Non-PDF special ignored!
Non-PDF special ignored!
Non-PDF special ignored!] [3
Non-PDF special ignored!
Non-PDF special ignored!
Non-PDF special ignored!
Non-PDF special ignored!
Non-PDF special ignored!
Non-PDF special ignored!
Non-PDF special ignored!
Non-PDF special ignored!
Non-PDF special ignored!
Non-PDF special ignored!
Non-PDF special ignored!
Non-PDF special ignored!
Non-PDF special ignored!
Non-PDF special ignored!
Non-PDF special ignored!
Non-PDF special ignored!
Non-PDF special ignored!
Non-PDF special ignored!
Non-PDF special ignored!
Non-PDF special ignored!] [4
Non-PDF special ignored!
Non-PDF special ignored!
Non-PDF special ignored!
Non-PDF special ignored!
Non-PDF special ignored!
Non-PDF special ignored!]) [5
Non-PDF special ignored!
Non-PDF special ignored!
Non-PDF special ignored!
Non-PDF special ignored!]
(C:\Users\Valen\TELECOMUNICACIONES\PFC\PROGRAMAS\Latex\Memoria\estadoDelArte.te
x
Cap\'{\i }tulo 2.
[6
Non-PDF special ignored!
Non-PDF special ignored!




Non-PDF special ignored!
Non-PDF special ignored!] [7
Non-PDF special ignored!
Non-PDF special ignored!
Non-PDF special ignored!
Non-PDF special ignored!] [8
Non-PDF special ignored!
Non-PDF special ignored!
Non-PDF special ignored!
Non-PDF special ignored!] [9
Non-PDF special ignored!
Non-PDF special ignored!
Non-PDF special ignored!
Non-PDF special ignored!] <imagenes/airbag.jpg, id=82, 301.125pt x 188.705pt>
File: imagenes/airbag.jpg Graphic file (type jpg)

<use imagenes/airbag.jpg>
Package pdftex.def Info: imagenes/airbag.jpg used on input line 79.
(pdftex.def)             Requested size: 301.12425pt x 188.70453pt.


LaTeX Warning: `h' float specifier changed to `ht'.

[10
Non-PDF special ignored!
Non-PDF special ignored!
Non-PDF special ignored!
Non-PDF special ignored!]
<imagenes/alarm.JPG, id=87, 487.8225pt x 262.73157pt>
File: imagenes/alarm.JPG Graphic file (type jpg)
 <use imagenes/alarm.JPG>
Package pdftex.def Info: imagenes/alarm.JPG used on input line 102.
(pdftex.def)             Requested size: 487.8213pt x 262.73091pt.

Overfull \hbox (4.12444pt too wide) in paragraph at lines 102--103
 [][] 
 []


LaTeX Warning: `h' float specifier changed to `ht'.

[11
Non-PDF special ignored!
Non-PDF special ignored!
Non-PDF special ignored!
Non-PDF special ignored!
Non-PDF special ignored!
Non-PDF special ignored!
Non-PDF special ignored!
Non-PDF special ignored!
Non-PDF special ignored!
Non-PDF special ignored! <C:/Users/Valen/TELECOMUNICACIONES/PFC/PROGRAMAS/Latex
/Memoria/imagenes/airbag.jpg>]
<imagenes/mec.JPG, id=91, 418.56375pt x 297.36093pt>
File: imagenes/mec.JPG Graphic file (type jpg)
 <use imagenes/mec.JPG>
Package pdftex.def Info: imagenes/mec.JPG used on input line 125.
(pdftex.def)             Requested size: 418.56271pt x 297.3602pt.


LaTeX Warning: `h' float specifier changed to `ht'.

[12
Non-PDF special ignored!
Non-PDF special ignored!
Non-PDF special ignored!
Non-PDF special ignored!
Non-PDF special ignored!
Non-PDF special ignored!
Non-PDF special ignored!
Non-PDF special ignored!
Non-PDF special ignored!
Non-PDF special ignored! <C:/Users/Valen/TELECOMUNICACIONES/PFC/PROGRAMAS/Latex
/Memoria/imagenes/alarm.JPG>] [13
Non-PDF special ignored!
Non-PDF special ignored!
Non-PDF special ignored!
Non-PDF special ignored!
Non-PDF special ignored!
Non-PDF special ignored!
Non-PDF special ignored!
Non-PDF special ignored!
Non-PDF special ignored!
Non-PDF special ignored!
Non-PDF special ignored!
Non-PDF special ignored!
Non-PDF special ignored!
Non-PDF special ignored!
Non-PDF special ignored!
Non-PDF special ignored! <C:/Users/Valen/TELECOMUNICACIONES/PFC/PROGRAMAS/Latex
/Memoria/imagenes/mec.JPG>] [14
Non-PDF special ignored!
Non-PDF special ignored!
Non-PDF special ignored!
Non-PDF special ignored!
Non-PDF special ignored!
Non-PDF special ignored!
Non-PDF special ignored!
Non-PDF special ignored!
Non-PDF special ignored!
Non-PDF special ignored!
Non-PDF special ignored!
Non-PDF special ignored!
Non-PDF special ignored!
Non-PDF special ignored!
Non-PDF special ignored!
Non-PDF special ignored!]) [15
Non-PDF special ignored!
Non-PDF special ignored!
Non-PDF special ignored!
Non-PDF special ignored!]
(C:\Users\Valen\TELECOMUNICACIONES\PFC\PROGRAMAS\Latex\Memoria\desarrollo.tex
Cap\'{\i }tulo 3.
<imagenes/DiagramaBloques.jpg, id=104, 484.05844pt x 258.9675pt>
File: imagenes/DiagramaBloques.jpg Graphic file (type jpg)

<use imagenes/DiagramaBloques.jpg>
Package pdftex.def Info: imagenes/DiagramaBloques.jpg used on input line 9.
(pdftex.def)             Requested size: 484.05725pt x 258.96684pt.
 [16
Non-PDF special ignored!
Non-PDF special ignored!




Non-PDF special ignored!
Non-PDF special ignored!
Non-PDF special ignored!
Non-PDF special ignored!
Non-PDF special ignored!
Non-PDF special ignored!
Non-PDF special ignored!
Non-PDF special ignored! <C:/Users/Valen/TELECOMUNICACIONES/PFC/PROGRAMAS/Latex
/Memoria/imagenes/DiagramaBloques.jpg>]
<imagenes/ESP8266.JPG, id=109, 185.94469pt x 175.40532pt>
File: imagenes/ESP8266.JPG Graphic file (type jpg)

<use imagenes/ESP8266.JPG>
Package pdftex.def Info: imagenes/ESP8266.JPG used on input line 44.
(pdftex.def)             Requested size: 185.94421pt x 175.40488pt.


LaTeX Warning: `h' float specifier changed to `ht'.

[17
Non-PDF special ignored!
Non-PDF special ignored!
Non-PDF special ignored!
Non-PDF special ignored!
Non-PDF special ignored!
Non-PDF special ignored!
Non-PDF special ignored!
Non-PDF special ignored!
Non-PDF special ignored!
Non-PDF special ignored!
Non-PDF special ignored!
Non-PDF special ignored!]
<imagenes/RNXV.JPG, id=113, 170.13562pt x 163.3603pt>
File: imagenes/RNXV.JPG Graphic file (type jpg)
 <use imagenes/RNXV.JPG>
Package pdftex.def Info: imagenes/RNXV.JPG used on input line 65.
(pdftex.def)             Requested size: 170.1352pt x 163.3599pt.

[18
Non-PDF special ignored!
Non-PDF special ignored!
Non-PDF special ignored!
Non-PDF special ignored!
Non-PDF special ignored!
Non-PDF special ignored!
Non-PDF special ignored!
Non-PDF special ignored!
Non-PDF special ignored!
Non-PDF special ignored!
Non-PDF special ignored!
Non-PDF special ignored!
Non-PDF special ignored!
Non-PDF special ignored!
Non-PDF special ignored!
Non-PDF special ignored!
Non-PDF special ignored!
Non-PDF special ignored!
Non-PDF special ignored!
Non-PDF special ignored!
Non-PDF special ignored!
Non-PDF special ignored! <C:/Users/Valen/TELECOMUNICACIONES/PFC/PROGRAMAS/Latex
/Memoria/imagenes/ESP8266.JPG> <C:/Users/Valen/TELECOMUNICACIONES/PFC/PROGRAMAS
/Latex/Memoria/imagenes/RNXV.JPG>] [19
Non-PDF special ignored!
Non-PDF special ignored!
Non-PDF special ignored!
Non-PDF special ignored!
Non-PDF special ignored!
Non-PDF special ignored!
Non-PDF special ignored!
Non-PDF special ignored!
Non-PDF special ignored!
Non-PDF special ignored!
Non-PDF special ignored!
Non-PDF special ignored!
Non-PDF special ignored!
Non-PDF special ignored!
Non-PDF special ignored!
Non-PDF special ignored!
Non-PDF special ignored!
Non-PDF special ignored!
Non-PDF special ignored!
Non-PDF special ignored!
Non-PDF special ignored!
Non-PDF special ignored!
Non-PDF special ignored!
Non-PDF special ignored!
Non-PDF special ignored!
Non-PDF special ignored!]
<imagenes/XBEEZD.JPG, id=120, 338.76563pt x 287.57437pt>
File: imagenes/XBEEZD.JPG Graphic file (type jpg)

<use imagenes/XBEEZD.JPG>
Package pdftex.def Info: imagenes/XBEEZD.JPG used on input line 112.
(pdftex.def)             Requested size: 338.76479pt x 287.57367pt.

<imagenes/zigbee.JPG, id=121, 132.495pt x 236.38312pt>
File: imagenes/zigbee.JPG Graphic file (type jpg)

<use imagenes/zigbee.JPG>
Package pdftex.def Info: imagenes/zigbee.JPG used on input line 131.
(pdftex.def)             Requested size: 132.49466pt x 236.38254pt.
 [20
Non-PDF special ignored!
Non-PDF special ignored!
Non-PDF special ignored!
Non-PDF special ignored!
Non-PDF special ignored!
Non-PDF special ignored!
Non-PDF special ignored!
Non-PDF special ignored!
Non-PDF special ignored!
Non-PDF special ignored!
Non-PDF special ignored!
Non-PDF special ignored!
Non-PDF special ignored!
Non-PDF special ignored!
Non-PDF special ignored!
Non-PDF special ignored!
Non-PDF special ignored!
Non-PDF special ignored!
Non-PDF special ignored!
Non-PDF special ignored! <C:/Users/Valen/TELECOMUNICACIONES/PFC/PROGRAMAS/Latex
/Memoria/imagenes/XBEEZD.JPG>] [21
Non-PDF special ignored!
Non-PDF special ignored!
Non-PDF special ignored!
Non-PDF special ignored!
Non-PDF special ignored!
Non-PDF special ignored!
Non-PDF special ignored!
Non-PDF special ignored!
Non-PDF special ignored!
Non-PDF special ignored!
Non-PDF special ignored!
Non-PDF special ignored!
Non-PDF special ignored!
Non-PDF special ignored!
Non-PDF special ignored!
Non-PDF special ignored!
Non-PDF special ignored!
Non-PDF special ignored!
Non-PDF special ignored!
Non-PDF special ignored!
Non-PDF special ignored!
Non-PDF special ignored!
Non-PDF special ignored!
Non-PDF special ignored! <C:/Users/Valen/TELECOMUNICACIONES/PFC/PROGRAMAS/Latex
/Memoria/imagenes/zigbee.JPG>]
<imagenes/RN42.jpg, id=128, 144.54pt x 144.54pt>
File: imagenes/RN42.jpg Graphic file (type jpg)
 <use imagenes/RN42.jpg>
Package pdftex.def Info: imagenes/RN42.jpg used on input line 164.
(pdftex.def)             Requested size: 144.53963pt x 144.53963pt.

<imagenes/HC05.jpg, id=129, 94.10156pt x 94.10156pt>
File: imagenes/HC05.jpg Graphic file (type jpg)
 <use imagenes/HC05.jpg>
Package pdftex.def Info: imagenes/HC05.jpg used on input line 186.
(pdftex.def)             Requested size: 94.10132pt x 94.10132pt.

[22
Non-PDF special ignored!
Non-PDF special ignored!
Non-PDF special ignored!
Non-PDF special ignored!
Non-PDF special ignored!
Non-PDF special ignored!
Non-PDF special ignored!
Non-PDF special ignored!
Non-PDF special ignored!
Non-PDF special ignored!
Non-PDF special ignored!
Non-PDF special ignored!
Non-PDF special ignored!
Non-PDF special ignored!
Non-PDF special ignored!
Non-PDF special ignored!
Non-PDF special ignored!
Non-PDF special ignored!
Non-PDF special ignored!
Non-PDF special ignored!
Non-PDF special ignored!
Non-PDF special ignored!
Non-PDF special ignored!
Non-PDF special ignored!
Non-PDF special ignored!
Non-PDF special ignored!
Non-PDF special ignored!
Non-PDF special ignored! <C:/Users/Valen/TELECOMUNICACIONES/PFC/PROGRAMAS/Latex
/Memoria/imagenes/RN42.jpg> <C:/Users/Valen/TELECOMUNICACIONES/PFC/PROGRAMAS/La
tex/Memoria/imagenes/HC05.jpg>]
<imagenes/FLAT.JPG, id=134, 325.215pt x 207.02344pt>
File: imagenes/FLAT.JPG Graphic file (type jpg)
 <use imagenes/FLAT.JPG>
Package pdftex.def Info: imagenes/FLAT.JPG used on input line 208.
(pdftex.def)             Requested size: 325.2142pt x 207.02292pt.


LaTeX Warning: `h' float specifier changed to `ht'.

[23
Non-PDF special ignored!
Non-PDF special ignored!
Non-PDF special ignored!
Non-PDF special ignored!
Non-PDF special ignored!
Non-PDF special ignored!
Non-PDF special ignored!
Non-PDF special ignored!
Non-PDF special ignored!
Non-PDF special ignored!
Non-PDF special ignored!
Non-PDF special ignored!
Non-PDF special ignored!
Non-PDF special ignored!
Non-PDF special ignored!
Non-PDF special ignored!
Non-PDF special ignored!
Non-PDF special ignored!] [24
Non-PDF special ignored!
Non-PDF special ignored!
Non-PDF special ignored!
Non-PDF special ignored!
Non-PDF special ignored!
Non-PDF special ignored!
Non-PDF special ignored!
Non-PDF special ignored!
Non-PDF special ignored!
Non-PDF special ignored!
Non-PDF special ignored!
Non-PDF special ignored!
Non-PDF special ignored!
Non-PDF special ignored!
Non-PDF special ignored!
Non-PDF special ignored!
Non-PDF special ignored!
Non-PDF special ignored!
Non-PDF special ignored!
Non-PDF special ignored!
Non-PDF special ignored!
Non-PDF special ignored!
Non-PDF special ignored!
Non-PDF special ignored!
Non-PDF special ignored!
Non-PDF special ignored!
Non-PDF special ignored!
Non-PDF special ignored!
Non-PDF special ignored!
Non-PDF special ignored! <C:/Users/Valen/TELECOMUNICACIONES/PFC/PROGRAMAS/Latex
/Memoria/imagenes/FLAT.JPG>]
<imagenes/pololu.jpg, id=142, 180.675pt x 127.97812pt>
File: imagenes/pololu.jpg Graphic file (type jpg)

<use imagenes/pololu.jpg>
Package pdftex.def Info: imagenes/pololu.jpg used on input line 249.
(pdftex.def)             Requested size: 180.67455pt x 127.9778pt.
 [25
Non-PDF special ignored!
Non-PDF special ignored!
Non-PDF special ignored!
Non-PDF special ignored!
Non-PDF special ignored!
Non-PDF special ignored!
Non-PDF special ignored!
Non-PDF special ignored!
Non-PDF special ignored!
Non-PDF special ignored!
Non-PDF special ignored!
Non-PDF special ignored!
Non-PDF special ignored!
Non-PDF special ignored!
Non-PDF special ignored!
Non-PDF special ignored! <C:/Users/Valen/TELECOMUNICACIONES/PFC/PROGRAMAS/Latex
/Memoria/imagenes/pololu.jpg>]
<imagenes/ArduinoUno.jpg, id=146, 144.54pt x 95.1555pt>
File: imagenes/ArduinoUno.jpg Graphic file (type jpg)

<use imagenes/ArduinoUno.jpg>
Package pdftex.def Info: imagenes/ArduinoUno.jpg used on input line 285.
(pdftex.def)             Requested size: 144.53963pt x 95.15524pt.
 [26
Non-PDF special ignored!
Non-PDF special ignored!
Non-PDF special ignored!
Non-PDF special ignored!
Non-PDF special ignored!
Non-PDF special ignored!
Non-PDF special ignored!
Non-PDF special ignored!
Non-PDF special ignored!
Non-PDF special ignored! <C:/Users/Valen/TELECOMUNICACIONES/PFC/PROGRAMAS/Latex
/Memoria/imagenes/ArduinoUno.jpg>]
<imagenes/RBPI.JPG, id=150, 162.6075pt x 158.84344pt>
File: imagenes/RBPI.JPG Graphic file (type jpg)
 <use imagenes/RBPI.JPG>
Package pdftex.def Info: imagenes/RBPI.JPG used on input line 336.
(pdftex.def)             Requested size: 162.6071pt x 158.84305pt.


LaTeX Warning: `h' float specifier changed to `ht'.

[27
Non-PDF special ignored!
Non-PDF special ignored!
Non-PDF special ignored!
Non-PDF special ignored!
Non-PDF special ignored!
Non-PDF special ignored!
Non-PDF special ignored!
Non-PDF special ignored!
Non-PDF special ignored!
Non-PDF special ignored!
Non-PDF special ignored!
Non-PDF special ignored!
Non-PDF special ignored!
Non-PDF special ignored!
Non-PDF special ignored!
Non-PDF special ignored!
Non-PDF special ignored!
Non-PDF special ignored!
Non-PDF special ignored!
Non-PDF special ignored!
Non-PDF special ignored!
Non-PDF special ignored!
Non-PDF special ignored!
Non-PDF special ignored!
Non-PDF special ignored!
Non-PDF special ignored!
Non-PDF special ignored!
Non-PDF special ignored!
Non-PDF special ignored!
Non-PDF special ignored!
Non-PDF special ignored!
Non-PDF special ignored!
Non-PDF special ignored!
Non-PDF special ignored!] [28
Non-PDF special ignored!
Non-PDF special ignored!
Non-PDF special ignored!
Non-PDF special ignored!
Non-PDF special ignored!
Non-PDF special ignored!
Non-PDF special ignored!
Non-PDF special ignored!
Non-PDF special ignored!
Non-PDF special ignored!
Non-PDF special ignored!
Non-PDF special ignored! <C:/Users/Valen/TELECOMUNICACIONES/PFC/PROGRAMAS/Latex
/Memoria/imagenes/RBPI.JPG>] [29
Non-PDF special ignored!
Non-PDF special ignored!
Non-PDF special ignored!
Non-PDF special ignored!
Non-PDF special ignored!
Non-PDF special ignored!
Non-PDF special ignored!
Non-PDF special ignored!
Non-PDF special ignored!
Non-PDF special ignored!
Non-PDF special ignored!
Non-PDF special ignored!
Non-PDF special ignored!
Non-PDF special ignored!
Non-PDF special ignored!
Non-PDF special ignored!
Non-PDF special ignored!
Non-PDF special ignored!
Non-PDF special ignored!
Non-PDF special ignored!
Non-PDF special ignored!
Non-PDF special ignored!]
<imagenes/ConfMota.jpg, id=161, 371.3875pt x 279.0425pt>
File: imagenes/ConfMota.jpg Graphic file (type jpg)

<use imagenes/ConfMota.jpg>
Package pdftex.def Info: imagenes/ConfMota.jpg used on input line 406.
(pdftex.def)             Requested size: 371.38658pt x 279.04181pt.
 [30
Non-PDF special ignored!
Non-PDF special ignored!
Non-PDF special ignored!
Non-PDF special ignored!
Non-PDF special ignored!
Non-PDF special ignored!
Non-PDF special ignored!
Non-PDF special ignored!
Non-PDF special ignored!
Non-PDF special ignored!
Non-PDF special ignored!
Non-PDF special ignored!
Non-PDF special ignored!
Non-PDF special ignored! <C:/Users/Valen/TELECOMUNICACIONES/PFC/PROGRAMAS/Latex
/Memoria/imagenes/ConfMota.jpg>]
<imagenes/implementacion.jpg, id=165, 416.55624pt x 312.16624pt>
File: imagenes/implementacion.jpg Graphic file (type jpg)

<use imagenes/implementacion.jpg>
Package pdftex.def Info: imagenes/implementacion.jpg used on input line 437.
(pdftex.def)             Requested size: 416.55522pt x 312.16548pt.
 [31
Non-PDF special ignored!
Non-PDF special ignored!
Non-PDF special ignored!
Non-PDF special ignored!
Non-PDF special ignored!
Non-PDF special ignored!
Non-PDF special ignored!
Non-PDF special ignored!
Non-PDF special ignored!
Non-PDF special ignored!
Non-PDF special ignored!
Non-PDF special ignored!
Non-PDF special ignored!
Non-PDF special ignored! <C:/Users/Valen/TELECOMUNICACIONES/PFC/PROGRAMAS/Latex
/Memoria/imagenes/implementacion.jpg>] [32
Non-PDF special ignored!
Non-PDF special ignored!
Non-PDF special ignored!
Non-PDF special ignored!]
<imagenes/DiagramaEstados.png, id=172, 381.67593pt x 337.26pt>
File: imagenes/DiagramaEstados.png Graphic file (type png)

<use imagenes/DiagramaEstados.png>
Package pdftex.def Info: imagenes/DiagramaEstados.png used on input line 465.
(pdftex.def)             Requested size: 381.675pt x 337.25917pt.
 [33
Non-PDF special ignored!
Non-PDF special ignored!
Non-PDF special ignored!
Non-PDF special ignored!
Non-PDF special ignored!
Non-PDF special ignored!
Non-PDF special ignored!
Non-PDF special ignored!
Non-PDF special ignored!
Non-PDF special ignored! <C:/Users/Valen/TELECOMUNICACIONES/PFC/PROGRAMAS/Latex
/Memoria/imagenes/DiagramaEstados.png>]
<imagenes/ArduinoVsiOS.jpg, id=176, 313.9228pt x 167.12437pt>
File: imagenes/ArduinoVsiOS.jpg Graphic file (type jpg)

<use imagenes/ArduinoVsiOS.jpg>
Package pdftex.def Info: imagenes/ArduinoVsiOS.jpg used on input line 491.
(pdftex.def)             Requested size: 313.92203pt x 167.12395pt.
 [34
Non-PDF special ignored!
Non-PDF special ignored!
Non-PDF special ignored!
Non-PDF special ignored!
Non-PDF special ignored!
Non-PDF special ignored!
Non-PDF special ignored!
Non-PDF special ignored!
Non-PDF special ignored!
Non-PDF special ignored! <C:/Users/Valen/TELECOMUNICACIONES/PFC/PROGRAMAS/Latex
/Memoria/imagenes/ArduinoVsiOS.jpg>]
<imagenes/main.JPG, id=181, 169.38281pt x 216.05719pt>
File: imagenes/main.JPG Graphic file (type jpg)
 <use imagenes/main.JPG>
Package pdftex.def Info: imagenes/main.JPG used on input line 531.
(pdftex.def)             Requested size: 169.38239pt x 216.05664pt.


LaTeX Warning: `h' float specifier changed to `ht'.

[35
Non-PDF special ignored!
Non-PDF special ignored!
Non-PDF special ignored!
Non-PDF special ignored!
Non-PDF special ignored!
Non-PDF special ignored!
Non-PDF special ignored!
Non-PDF special ignored!]
<imagenes/interfaz.png, id=185, 252.945pt x 389.20406pt>
File: imagenes/interfaz.png Graphic file (type png)

<use imagenes/interfaz.png>
Package pdftex.def Info: imagenes/interfaz.png used on input line 547.
(pdftex.def)             Requested size: 252.94438pt x 389.20311pt.


LaTeX Warning: `h' float specifier changed to `ht'.

[36
Non-PDF special ignored!
Non-PDF special ignored!
Non-PDF special ignored!
Non-PDF special ignored!
Non-PDF special ignored!
Non-PDF special ignored!
Non-PDF special ignored!
Non-PDF special ignored!
Non-PDF special ignored!
Non-PDF special ignored! <C:/Users/Valen/TELECOMUNICACIONES/PFC/PROGRAMAS/Latex
/Memoria/imagenes/main.JPG>]) [37
Non-PDF special ignored!
Non-PDF special ignored!
Non-PDF special ignored!
Non-PDF special ignored!
Non-PDF special ignored!
Non-PDF special ignored!
Non-PDF special ignored!
Non-PDF special ignored!
Non-PDF special ignored!
Non-PDF special ignored! <C:/Users/Valen/TELECOMUNICACIONES/PFC/PROGRAMAS/Latex
/Memoria/imagenes/interfaz.png>]
(C:\Users\Valen\TELECOMUNICACIONES\PFC\PROGRAMAS\Latex\Memoria\resultados.tex
Cap\'{\i }tulo 4.
<imagenes/theta0.jpg, id=194, 246.1697pt x 197.98969pt>
File: imagenes/theta0.jpg Graphic file (type jpg)

<use imagenes/theta0.jpg>
Package pdftex.def Info: imagenes/theta0.jpg used on input line 17.
(pdftex.def)             Requested size: 246.16908pt x 197.9892pt.


LaTeX Warning: `h' float specifier changed to `ht'.

<imagenes/theta90.jpg, id=195, 250.68657pt x 203.25937pt>
File: imagenes/theta90.jpg Graphic file (type jpg)

<use imagenes/theta90.jpg>
Package pdftex.def Info: imagenes/theta90.jpg used on input line 26.
(pdftex.def)             Requested size: 250.68594pt x 203.25887pt.


LaTeX Warning: `h' float specifier changed to `ht'.

[38
Non-PDF special ignored!
Non-PDF special ignored!




Non-PDF special ignored!
Non-PDF special ignored!] <imagenes/GPSOff.png, id=199, 240.9pt x 371.13657pt>
File: imagenes/GPSOff.png Graphic file (type png)

<use imagenes/GPSOff.png>
Package pdftex.def Info: imagenes/GPSOff.png used on input line 55.
(pdftex.def)             Requested size: 240.8994pt x 371.13565pt.
 [39
Non-PDF special ignored!
Non-PDF special ignored!
Non-PDF special ignored!
Non-PDF special ignored!
Non-PDF special ignored!
Non-PDF special ignored!
Non-PDF special ignored!
Non-PDF special ignored!
Non-PDF special ignored!
Non-PDF special ignored!
Non-PDF special ignored!
Non-PDF special ignored!
Non-PDF special ignored!
Non-PDF special ignored!
Non-PDF special ignored!
Non-PDF special ignored! <C:/Users/Valen/TELECOMUNICACIONES/PFC/PROGRAMAS/Latex
/Memoria/imagenes/theta0.jpg> <C:/Users/Valen/TELECOMUNICACIONES/PFC/PROGRAMAS/
Latex/Memoria/imagenes/theta90.jpg>]
<imagenes/NoAccidente.png, id=203, 240.14719pt x 371.88937pt>
File: imagenes/NoAccidente.png Graphic file (type png)

<use imagenes/NoAccidente.png>
Package pdftex.def Info: imagenes/NoAccidente.png used on input line 70.
(pdftex.def)             Requested size: 240.14658pt x 371.88846pt.


LaTeX Warning: `h' float specifier changed to `ht'.

[40
Non-PDF special ignored!
Non-PDF special ignored!
Non-PDF special ignored!
Non-PDF special ignored!
Non-PDF special ignored!
Non-PDF special ignored!
Non-PDF special ignored!
Non-PDF special ignored!
Non-PDF special ignored!
Non-PDF special ignored! <C:/Users/Valen/TELECOMUNICACIONES/PFC/PROGRAMAS/Latex
/Memoria/imagenes/GPSOff.png>]
<imagenes/perdidaBT.png, id=209, 240.9pt x 371.88937pt>
File: imagenes/perdidaBT.png Graphic file (type png)

<use imagenes/perdidaBT.png>
Package pdftex.def Info: imagenes/perdidaBT.png used on input line 85.
(pdftex.def)             Requested size: 240.8994pt x 371.88846pt.


LaTeX Warning: `h' float specifier changed to `ht'.

[41
Non-PDF special ignored!
Non-PDF special ignored!
Non-PDF special ignored!
Non-PDF special ignored!
Non-PDF special ignored!
Non-PDF special ignored!
Non-PDF special ignored!
Non-PDF special ignored!
Non-PDF special ignored!
Non-PDF special ignored! <C:/Users/Valen/TELECOMUNICACIONES/PFC/PROGRAMAS/Latex
/Memoria/imagenes/NoAccidente.png>]
<imagenes/accidente.png, id=214, 240.14719pt x 371.13657pt>
File: imagenes/accidente.png Graphic file (type png)

<use imagenes/accidente.png>
Package pdftex.def Info: imagenes/accidente.png used on input line 98.
(pdftex.def)             Requested size: 240.14658pt x 371.13565pt.


LaTeX Warning: `h' float specifier changed to `ht'.

[42
Non-PDF special ignored!
Non-PDF special ignored!
Non-PDF special ignored!
Non-PDF special ignored!
Non-PDF special ignored!
Non-PDF special ignored!
Non-PDF special ignored!
Non-PDF special ignored!
Non-PDF special ignored!
Non-PDF special ignored! <C:/Users/Valen/TELECOMUNICACIONES/PFC/PROGRAMAS/Latex
/Memoria/imagenes/perdidaBT.png>]
<imagenes/PCB.jpg, id=219, 322.20375pt x 393.47pt>
File: imagenes/PCB.jpg Graphic file (type jpg)
 <use imagenes/PCB.jpg>
Package pdftex.def Info: imagenes/PCB.jpg used on input line 111.
(pdftex.def)             Requested size: 322.20296pt x 393.46902pt.


LaTeX Warning: `h' float specifier changed to `ht'.

<imagenes/prototipo.jpg, id=220, 396.48125pt x 297.11pt>
File: imagenes/prototipo.jpg Graphic file (type jpg)

<use imagenes/prototipo.jpg>
Package pdftex.def Info: imagenes/prototipo.jpg used on input line 124.
(pdftex.def)             Requested size: 396.48027pt x 297.10927pt.


LaTeX Warning: `h' float specifier changed to `ht'.

[43
Non-PDF special ignored!
Non-PDF special ignored!
Non-PDF special ignored!
Non-PDF special ignored!
Non-PDF special ignored!
Non-PDF special ignored!
Non-PDF special ignored!
Non-PDF special ignored!
Non-PDF special ignored!
Non-PDF special ignored! <C:/Users/Valen/TELECOMUNICACIONES/PFC/PROGRAMAS/Latex
/Memoria/imagenes/accidente.png>]) [44
Non-PDF special ignored!
Non-PDF special ignored!
Non-PDF special ignored!
Non-PDF special ignored!
Non-PDF special ignored!
Non-PDF special ignored!
Non-PDF special ignored!
Non-PDF special ignored!
Non-PDF special ignored!
Non-PDF special ignored! <C:/Users/Valen/TELECOMUNICACIONES/PFC/PROGRAMAS/Latex
/Memoria/imagenes/PCB.jpg>] [45
Non-PDF special ignored!
Non-PDF special ignored!
Non-PDF special ignored!
Non-PDF special ignored!
Non-PDF special ignored!
Non-PDF special ignored!
Non-PDF special ignored!
Non-PDF special ignored!
Non-PDF special ignored!
Non-PDF special ignored! <C:/Users/Valen/TELECOMUNICACIONES/PFC/PROGRAMAS/Latex
/Memoria/imagenes/prototipo.jpg>]
(C:\Users\Valen\TELECOMUNICACIONES\PFC\PROGRAMAS\Latex\Memoria\conclusiones.tex
Cap\'{\i }tulo 5.
[46
Non-PDF special ignored!
Non-PDF special ignored!




Non-PDF special ignored!
Non-PDF special ignored!] [47
Non-PDF special ignored!
Non-PDF special ignored!
Non-PDF special ignored!
Non-PDF special ignored!
Non-PDF special ignored!
Non-PDF special ignored!
Non-PDF special ignored!
Non-PDF special ignored!
Non-PDF special ignored!
Non-PDF special ignored!
Non-PDF special ignored!
Non-PDF special ignored!
Non-PDF special ignored!
Non-PDF special ignored!] [48
Non-PDF special ignored!
Non-PDF special ignored!
Non-PDF special ignored!
Non-PDF special ignored!
Non-PDF special ignored!
Non-PDF special ignored!
Non-PDF special ignored!
Non-PDF special ignored!
Non-PDF special ignored!
Non-PDF special ignored!
Non-PDF special ignored!
Non-PDF special ignored!]) [49
Non-PDF special ignored!
Non-PDF special ignored!
Non-PDF special ignored!
Non-PDF special ignored!]
(C:\Users\Valen\TELECOMUNICACIONES\PFC\PROGRAMAS\Latex\Memoria\bibliografia.tex
(C:\Users\Valen\TELECOMUNICACIONES\PFC\PROGRAMAS\Latex\Memoria\memoria.bbl
Overfull \hbox (53.67033pt too wide) in paragraph at lines 26--29
[]\OT1/cmr/m/sc/12 Electronica 60 Nor-te\OT1/cmr/m/n/12 .  \OT1/cmtt/m/n/12 htt
p://www.electronica60norte.com/mwfls/pdf/newBluetooth.pdf\OT1/cmr/m/n/12 . 
 []


Underfull \hbox (badness 10000) in paragraph at lines 31--35
[]\OT1/cmr/m/sc/12 Luis Eduar-do Ar-di-la P[]erez, Johan Se-bas-ti[]an Es-la-va
 Garz[]on\OT1/cmr/m/n/12 .
 []


Underfull \hbox (badness 10000) in paragraph at lines 31--35
\OT1/cmtt/m/n/12 http://revistas.usbbog.edu.co/index.php/ingenium/article/view/
332/253\OT1/cmr/m/n/12 ,
 []


Overfull \hbox (179.32906pt too wide) in paragraph at lines 37--41
[]\OT1/cmr/m/sc/12 Mutua Mo-te-ra\OT1/cmr/m/n/12 .  \OT1/cmtt/m/n/12 http://mut
uamotera.blogspot.com.es/2012/04/nuevo-sistema-de-alerta-de-accidente-my.html\O
T1/cmr/m/n/12 ,
 []


Overfull \hbox (70.85893pt too wide) in paragraph at lines 51--55
[]\OT1/cmr/m/sc/12 Roving Net-works\OT1/cmr/m/n/12 .  \OT1/cmtt/m/n/12 https://
www.sparkfun.com/datasheets/Wireless/Bluetooth/rn-42-ds.pdf\OT1/cmr/m/n/12 ,
 []


Overfull \hbox (359.95416pt too wide) in paragraph at lines 65--69
[]\OT1/cmr/m/sc/12 Todoelectronica\OT1/cmr/m/n/12 .  \OT1/cmtt/m/n/12 http://ww
w.todoelectronica.com/robotica-sensor-de-posicion-unidad-de-medicion-inercial-a
rduinov2-flat-p-14201.html\OT1/cmr/m/n/12 ,
 []


Overfull \hbox (372.31572pt too wide) in paragraph at lines 75--79
[]\OT1/cmr/m/sc/12 Wireless Zig-Bee\OT1/cmr/m/n/12 .  \OT1/cmtt/m/n/12 https://
lsesdxlelwgadgets.wordpress.com/2014/08/08/cc2530-f256-zigbee-wireless-module-w
-sma-antenna-deep-blue-331469/\OT1/cmr/m/n/12 ,
 []

[50
Non-PDF special ignored!
Non-PDF special ignored!





Non-PDF special ignored!
Non-PDF special ignored!
Non-PDF special ignored!
Non-PDF special ignored!
Non-PDF special ignored!
Non-PDF special ignored!
Non-PDF special ignored!
Non-PDF special ignored!
Non-PDF special ignored!
Non-PDF special ignored!
Non-PDF special ignored!
Non-PDF special ignored!
Non-PDF special ignored!
Non-PDF special ignored!
Non-PDF special ignored!
Non-PDF special ignored!
Non-PDF special ignored!
Non-PDF special ignored!
Non-PDF special ignored!
Non-PDF special ignored!
Non-PDF special ignored!
Non-PDF special ignored!
Non-PDF special ignored!
Non-PDF special ignored!
Non-PDF special ignored!
Non-PDF special ignored!
Non-PDF special ignored!
Non-PDF special ignored!
Non-PDF special ignored!
Non-PDF special ignored!
Non-PDF special ignored!
Non-PDF special ignored!]
Overfull \hbox (126.08101pt too wide) in paragraph at lines 81--85
[]\OT1/cmr/m/sc/12 Xataka\OT1/cmr/m/n/12 .  \OT1/cmtt/m/n/12 http://www.xataka.
com/moviles/idc-android-e-ios-ya-estan-en-el-96-4-de-los-smartphones\OT1/cmr/m/
n/12 ,
 []


Overfull \hbox (404.98218pt too wide) in paragraph at lines 87--91
[]\OT1/cmr/m/sc/12 ZigBee PRO Fea-tu-re Set\OT1/cmr/m/n/12 .  \OT1/cmtt/m/n/12 
http://www.digi.com/products/wireless-wired-embedded-solutions/zigbee-rf-module
s/zigbee-mesh-module/xbee-zb-module\OT1/cmr/m/n/12 ,
 []

) [51
Non-PDF special ignored!
Non-PDF special ignored!
Non-PDF special ignored!
Non-PDF special ignored!
Non-PDF special ignored!
Non-PDF special ignored!
Non-PDF special ignored!
Non-PDF special ignored!
Non-PDF special ignored!
Non-PDF special ignored!]) [52
Non-PDF special ignored!
Non-PDF special ignored!
Non-PDF special ignored!
Non-PDF special ignored!]
(C:\Users\Valen\TELECOMUNICACIONES\PFC\PROGRAMAS\Latex\Memoria\anexo1.tex
<imagenes/EsquematicoPCB.jpg, id=256, 409.53pt x 191.21437pt>
File: imagenes/EsquematicoPCB.jpg Graphic file (type jpg)

<use imagenes/EsquematicoPCB.jpg>
Package pdftex.def Info: imagenes/EsquematicoPCB.jpg used on input line 33.
(pdftex.def)             Requested size: 409.52899pt x 191.2139pt.
 [53
Non-PDF special ignored!
Non-PDF special ignored!




Non-PDF special ignored!
Non-PDF special ignored!
Non-PDF special ignored!
Non-PDF special ignored!
Non-PDF special ignored!
Non-PDF special ignored!
Non-PDF special ignored!
Non-PDF special ignored!
Non-PDF special ignored!
Non-PDF special ignored!
Non-PDF special ignored!
Non-PDF special ignored!] [54
Non-PDF special ignored!
Non-PDF special ignored!
Non-PDF special ignored!
Non-PDF special ignored!
Non-PDF special ignored!
Non-PDF special ignored!
Non-PDF special ignored!
Non-PDF special ignored!
Non-PDF special ignored!
Non-PDF special ignored!
Non-PDF special ignored!
Non-PDF special ignored!
Non-PDF special ignored!
Non-PDF special ignored!
Non-PDF special ignored!
Non-PDF special ignored!
Non-PDF special ignored!
Non-PDF special ignored!
Non-PDF special ignored!
Non-PDF special ignored!
Non-PDF special ignored!
Non-PDF special ignored!
Non-PDF special ignored!
Non-PDF special ignored! <C:/Users/Valen/TELECOMUNICACIONES/PFC/PROGRAMAS/Latex
/Memoria/imagenes/EsquematicoPCB.jpg>]
Underfull \hbox (badness 10000) in paragraph at lines 60--63

 []

<imagenes/DisenoPCB.jpg, id=263, 366.61969pt x 277.78781pt>
File: imagenes/DisenoPCB.jpg Graphic file (type jpg)

<use imagenes/DisenoPCB.jpg>
Package pdftex.def Info: imagenes/DisenoPCB.jpg used on input line 68.
(pdftex.def)             Requested size: 366.61879pt x 277.78711pt.

<imagenes/3D.jpg, id=264, 392.96812pt x 280.04625pt>
File: imagenes/3D.jpg Graphic file (type jpg)
 <use imagenes/3D.jpg>
Package pdftex.def Info: imagenes/3D.jpg used on input line 77.
(pdftex.def)             Requested size: 392.96715pt x 280.04555pt.


LaTeX Warning: `h' float specifier changed to `ht'.

[55
Non-PDF special ignored!
Non-PDF special ignored!
Non-PDF special ignored!
Non-PDF special ignored!
Non-PDF special ignored!
Non-PDF special ignored!
Non-PDF special ignored!
Non-PDF special ignored!
Non-PDF special ignored!
Non-PDF special ignored!
Non-PDF special ignored!
Non-PDF special ignored!
Non-PDF special ignored!
Non-PDF special ignored!
Non-PDF special ignored!
Non-PDF special ignored!
Non-PDF special ignored!
Non-PDF special ignored! <C:/Users/Valen/TELECOMUNICACIONES/PFC/PROGRAMAS/Latex
/Memoria/imagenes/DisenoPCB.jpg>] [56
Non-PDF special ignored!
Non-PDF special ignored!
Non-PDF special ignored!
Non-PDF special ignored!
Non-PDF special ignored!
Non-PDF special ignored!
Non-PDF special ignored!
Non-PDF special ignored!
Non-PDF special ignored!
Non-PDF special ignored!
Non-PDF special ignored!
Non-PDF special ignored! <C:/Users/Valen/TELECOMUNICACIONES/PFC/PROGRAMAS/Latex
/Memoria/imagenes/3D.jpg>]) [57
Non-PDF special ignored!
Non-PDF special ignored!
Non-PDF special ignored!
Non-PDF special ignored!]
(C:\Users\Valen\TELECOMUNICACIONES\PFC\PROGRAMAS\Latex\Memoria\anexo2.tex
Underfull \hbox (badness 10000) in paragraph at lines 9--12

 []


Underfull \hbox (badness 10000) in paragraph at lines 37--40

 []

[58
Non-PDF special ignored!
Non-PDF special ignored!




Non-PDF special ignored!
Non-PDF special ignored!
Non-PDF special ignored!
Non-PDF special ignored!
Non-PDF special ignored!
Non-PDF special ignored!
Non-PDF special ignored!
Non-PDF special ignored!
Non-PDF special ignored!
Non-PDF special ignored!]
Underfull \hbox (badness 10000) in paragraph at lines 59--62

 []

[59
Non-PDF special ignored!
Non-PDF special ignored!
Non-PDF special ignored!
Non-PDF special ignored!
Non-PDF special ignored!
Non-PDF special ignored!
Non-PDF special ignored!
Non-PDF special ignored!]) [60
Non-PDF special ignored!
Non-PDF special ignored!
Non-PDF special ignored!
Non-PDF special ignored!]
(C:\Users\Valen\TELECOMUNICACIONES\PFC\PROGRAMAS\Latex\Memoria\anexo3.tex
Overfull \hbox (45.60822pt too wide) in paragraph at lines 21--22
\OT1/cmr/m/n/12 ha-cer-lo fun-cio-nar. Po-de-mos des-car-gar-lo a traves del s
i-guien-te en-la-ce http://www.eclipse.org/downloads/. 
 []

<imagenes/SDK.jpg, id=285, 277.78781pt x 272.51813pt>
File: imagenes/SDK.jpg Graphic file (type jpg)
 <use imagenes/SDK.jpg>
Package pdftex.def Info: imagenes/SDK.jpg used on input line 29.
(pdftex.def)             Requested size: 277.78711pt x 272.51746pt.


LaTeX Warning: `h' float specifier changed to `ht'.

[61
Non-PDF special ignored!
Non-PDF special ignored!




Non-PDF special ignored!
Non-PDF special ignored!
Non-PDF special ignored!
Non-PDF special ignored!
Non-PDF special ignored!
Non-PDF special ignored!
Non-PDF special ignored!
Non-PDF special ignored!] [62
Non-PDF special ignored!
Non-PDF special ignored!
Non-PDF special ignored!
Non-PDF special ignored!
Non-PDF special ignored!
Non-PDF special ignored!
Non-PDF special ignored!
Non-PDF special ignored!
Non-PDF special ignored!
Non-PDF special ignored! <C:/Users/Valen/TELECOMUNICACIONES/PFC/PROGRAMAS/Latex
/Memoria/imagenes/SDK.jpg>]) [63
Non-PDF special ignored!
Non-PDF special ignored!
Non-PDF special ignored!
Non-PDF special ignored!]
(C:\Users\Valen\TELECOMUNICACIONES\PFC\PROGRAMAS\Latex\Memoria\memoria.aux
(C:\Users\Valen\TELECOMUNICACIONES\PFC\PROGRAMAS\Latex\Memoria\portada.aux)
(C:\Users\Valen\TELECOMUNICACIONES\PFC\PROGRAMAS\Latex\Memoria\indice.aux)
(C:\Users\Valen\TELECOMUNICACIONES\PFC\PROGRAMAS\Latex\Memoria\resumen.aux)
(C:\Users\Valen\TELECOMUNICACIONES\PFC\PROGRAMAS\Latex\Memoria\abstract.aux)
(C:\Users\Valen\TELECOMUNICACIONES\PFC\PROGRAMAS\Latex\Memoria\capitulo1.aux)
(C:\Users\Valen\TELECOMUNICACIONES\PFC\PROGRAMAS\Latex\Memoria\estadoDelArte.au
x)
(C:\Users\Valen\TELECOMUNICACIONES\PFC\PROGRAMAS\Latex\Memoria\desarrollo.aux)
(C:\Users\Valen\TELECOMUNICACIONES\PFC\PROGRAMAS\Latex\Memoria\resultados.aux)
(C:\Users\Valen\TELECOMUNICACIONES\PFC\PROGRAMAS\Latex\Memoria\conclusiones.aux
)
(C:\Users\Valen\TELECOMUNICACIONES\PFC\PROGRAMAS\Latex\Memoria\bibliografia.aux
) (C:\Users\Valen\TELECOMUNICACIONES\PFC\PROGRAMAS\Latex\Memoria\anexo1.aux)
(C:\Users\Valen\TELECOMUNICACIONES\PFC\PROGRAMAS\Latex\Memoria\anexo2.aux)
(C:\Users\Valen\TELECOMUNICACIONES\PFC\PROGRAMAS\Latex\Memoria\anexo3.aux))

LaTeX Warning: There were multiply-defined labels.

 ) 
Here is how much of TeX's memory you used:
 4120 strings out of 493921
 59311 string characters out of 3144877
 122403 words of memory out of 3000000
 7202 multiletter control sequences out of 15000+200000
 11343 words of font info for 43 fonts, out of 3000000 for 9000
 841 hyphenation exceptions out of 8191
 27i,12n,43p,1119b,341s stack positions out of 5000i,500n,10000p,200000b,50000s
<C:/Program Files (x86)/MiKTeX 2.9/fonts/type1/public/amsfonts/cm/cmbx12.pfb>
<C:/Program Files (x86)/MiKTeX 2.9/fonts/type1/public/amsfonts/cm/cmcsc10.pfb><
C:/Program Files (x86)/MiKTeX 2.9/fonts/type1/public/amsfonts/cm/cmr12.pfb><C:/
Program Files (x86)/MiKTeX 2.9/fonts/type1/public/amsfonts/cm/cmr17.pfb><C:/Pro
gram Files (x86)/MiKTeX 2.9/fonts/type1/public/amsfonts/cm/cmsy8.pfb><C:/Progra
m Files (x86)/MiKTeX 2.9/fonts/type1/public/amsfonts/cm/cmti12.pfb><C:/Program 
Files (x86)/MiKTeX 2.9/fonts/type1/public/amsfonts/cm/cmtt12.pfb><C:/Program Fi
les (x86)/MiKTeX 2.9/fonts/type1/public/eurosym/feymr10.pfb>
Output written on memoria.pdf (78 pages, 2240538 bytes).
PDF statistics:
 324 PDF objects out of 1000 (max. 8388607)
 0 named destinations out of 1000 (max. 500000)
 166 words of extra memory for PDF output out of 10000 (max. 10000000)

